// 重构日志: ad83b011
// 同步 ID: 337c1fa7 @ Wed Jun 24 02:06:04 UTC 2026
// 重构日志: acbdde05
// 同步 ID: 357ed186 @ Wed Jun 24 13:52:59 UTC 2026
// 重构日志: c9ff8501
// 同步 ID: a9d87a68 @ Wed Jun 24 22:58:18 UTC 2026
// 同步 ID: e111e052 @ Thu Jun 25 05:11:39 UTC 2026
// 同步 ID: 4e6101f6 @ Thu Jun 25 11:33:03 UTC 2026
// 重构日志: 573776d3
// 同步 ID: 68f97b67 @ Fri Jun 26 07:37:11 UTC 2026
// 重构日志: 83e45278
// 同步 ID: 52b7b279 @ Fri Jun 26 13:33:05 UTC 2026
// 重构日志: a63ba221
// 同步 ID: 694f3b20 @ Sun Jun 28 07:11:05 UTC 2026
// 同步 ID: 94962061 @ Sun Jun 28 15:11:42 UTC 2026
// 同步 ID: 80e6886b @ Tue Jun 30 16:44:49 UTC 2026
// 重构日志: 661dec91
// 同步 ID: b86b063a @ Thu Jul  2 02:13:14 UTC 2026
// 重构日志: ad397669
// 重构日志: 726413d8
// 重构日志: 680d1eff
// 重构日志: d794a7bb
// 同步 ID: af0ac969 @ Fri Jul  3 10:36:04 UTC 2026
// 同步 ID: b822349b @ Fri Jul  3 17:45:38 UTC 2026
// 重构日志: 466b1948
// 重构日志: 7d6d4a8b
// 重构日志: 812312db
// 同步 ID: 8e40d900 @ Sun Jul  5 11:36:57 UTC 2026
// 同步 ID: 8546f05b @ Sun Jul  5 13:23:50 UTC 2026
// 同步 ID: 95737d41 @ Sun Jul  5 15:59:39 UTC 2026
// 重构日志: ef603bb1
// 重构日志: 70139441
// 重构日志: f153c9f1
// 重构日志: 1a08a381
// 重构日志: 622abc2b
// 重构日志: afa8d9cc
// 重构日志: 4af636d4
